#
# There is insufficient memory for the Java Runtime Environment to continue.
# Native memory allocation (malloc) failed to allocate 227536 bytes for Chunk::new
# Possible reasons:
#   The system is out of physical RAM or swap space
#   The process is running with CompressedOops enabled, and the Java Heap may be blocking the growth of the native heap
# Possible solutions:
#   Reduce memory load on the system
#   Increase physical memory or swap space
#   Check if swap backing store is full
#   Decrease Java heap size (-Xmx/-Xms)
#   Decrease number of Java threads
#   Decrease Java thread stack sizes (-Xss)
#   Set larger code cache with -XX:ReservedCodeCacheSize=
#   JVM is running with Unscaled Compressed Oops mode in which the Java heap is
#     placed in the first 4GB address space. The Java Heap base address is the
#     maximum limit for the native heap growth. Please use -XX:HeapBaseMinAddress
#     to set the Java Heap base and to place the Java Heap above 4GB virtual address.
# This output file may be truncated or incomplete.
#
#  Out of Memory Error (allocation.cpp:389), pid=8588, tid=0x0000000000001b28
#
# JRE version: Java(TM) SE Runtime Environment (8.0_281-b09) (build 1.8.0_281-b09)
# Java VM: Java HotSpot(TM) 64-Bit Server VM (25.281-b09 mixed mode windows-amd64 compressed oops)
# Failed to write core dump. Minidumps are not enabled by default on client versions of Windows
#

---------------  T H R E A D  ---------------

Current thread (0x0000000019bdc000):  JavaThread "C2 CompilerThread1" daemon [_thread_in_native, id=6952, stack(0x000000001a620000,0x000000001a720000)]

Stack: [0x000000001a620000,0x000000001a720000]
Native frames: (J=compiled Java code, j=interpreted, Vv=VM code, C=native code)
V  [jvm.dll+0x32e5b9]


Current CompileTask:
C2:    894  809  s    4       sun.misc.URLClassPath::getNextLoader (88 bytes)


---------------  P R O C E S S  ---------------

Java Threads: ( => current thread )
  0x000000001ad1d800 JavaThread "ReaderThread" [_thread_in_native, id=3644, stack(0x000000001b600000,0x000000001b700000)]
  0x0000000019c71000 JavaThread "Service Thread" daemon [_thread_blocked, id=7880, stack(0x000000001a9b0000,0x000000001aab0000)]
  0x0000000019bf4800 JavaThread "C1 CompilerThread3" daemon [_thread_blocked, id=7528, stack(0x0000000019fc0000,0x000000001a0c0000)]
  0x0000000019be1000 JavaThread "C2 CompilerThread2" daemon [_thread_blocked, id=8824, stack(0x000000001a760000,0x000000001a860000)]
=>0x0000000019bdc000 JavaThread "C2 CompilerThread1" daemon [_thread_in_native, id=6952, stack(0x000000001a620000,0x000000001a720000)]
  0x0000000019bbe000 JavaThread "C2 CompilerThread0" daemon [_thread_in_native, id=2624, stack(0x000000001a430000,0x000000001a530000)]
  0x0000000019bbc800 JavaThread "Attach Listener" daemon [_thread_blocked, id=6236, stack(0x000000001a2b0000,0x000000001a3b0000)]
  0x0000000017b4f000 JavaThread "Signal Dispatcher" daemon [_thread_blocked, id=5204, stack(0x000000001a180000,0x000000001a280000)]
  0x0000000017b35800 JavaThread "Finalizer" daemon [_thread_blocked, id=7256, stack(0x0000000019ab0000,0x0000000019bb0000)]
  0x0000000017b2e000 JavaThread "Reference Handler" daemon [_thread_blocked, id=896, stack(0x0000000019900000,0x0000000019a00000)]
  0x0000000000502800 JavaThread "main" [_thread_blocked, id=2328, stack(0x00000000023a0000,0x00000000024a0000)]

Other Threads:
  0x0000000017ae3000 VMThread [stack: 0x0000000019790000,0x0000000019890000] [id=7064]
  0x0000000019c4c800 WatcherThread [stack: 0x000000001abf0000,0x000000001acf0000] [id=2092]

VM state:at safepoint (normal execution)

VM Mutex/Monitor currently owned by a thread:  ([mutex/lock_event])
[0x00000000004f4100] Threads_lock - owner thread: 0x0000000017ae3000
[0x00000000004f4600] Heap_lock - owner thread: 0x0000000000502800

heap address: 0x0000000080800000, size: 2040 MB, Compressed Oops mode: 32-bit
Narrow klass base: 0x0000000000000000, Narrow klass shift: 3
Compressed class space size: 1073741824 Address: 0x000000013f370000

Heap:
 PSYoungGen      total 38400K, used 8076K [0x00000000d5800000, 0x00000000d8280000, 0x0000000100000000)
  eden space 33280K, 8% used [0x00000000d5800000,0x00000000d5ae3f70,0x00000000d7880000)
  from space 5120K, 99% used [0x00000000d7880000,0x00000000d7d7f410,0x00000000d7d80000)
  to   space 5120K, 48% used [0x00000000d7d80000,0x00000000d7ff2ba0,0x00000000d8280000)
 ParOldGen       total 87552K, used 587K [0x0000000080800000, 0x0000000085d80000, 0x00000000d5800000)
  object space 87552K, 0% used [0x0000000080800000,0x0000000080892cb0,0x0000000085d80000)
 Metaspace       used 10834K, capacity 11098K, committed 11264K, reserved 1062912K
  class space    used 1381K, capacity 1463K, committed 1536K, reserved 1048576K

Card table byte_map: [0x0000000011b30000,0x0000000011f30000] byte_map_base: 0x000000001172c000

Marking Bits: (ParMarkBitMap*) 0x000000006c616ff0
 Begin Bits: [0x0000000012bb0000, 0x0000000014b90000)
 End Bits:   [0x0000000014b90000, 0x0000000016b70000)

Polling page: 0x0000000000130000

CodeCache: size=245760Kb used=3057Kb max_used=3066Kb free=242702Kb
 bounds [0x0000000002770000, 0x0000000002a70000, 0x0000000011770000]
 total_blobs=1132 nmethods=807 adapters=238
 compilation: enabled

Compilation events (10 events):
Event: 0.861 Thread 0x0000000019bf4800  806       3       java.util.ArrayList::contains (14 bytes)
Event: 0.862 Thread 0x0000000019bf4800 nmethod 806 0x0000000002a69f10 code [0x0000000002a6a080, 0x0000000002a6a268]
Event: 0.869 Thread 0x0000000019be1000 

Event: 0.870 Thread 0x0000000019bbe000  807  s!   4       sun.misc.URLClassPath::getLoader (243 bytes)
Event: 0.871 Thread 0x0000000019be1000  808   !   4       sun.misc.URLClassPath$JarLoader::getResource (85 bytes)
Event: 0.873 Thread 0x0000000019bdc000 

Event: 0.874 Thread 0x0000000019bdc000  809  s    4       sun.misc.URLClassPath::getNextLoader (88 bytes)
Event: 0.881 Thread 0x0000000019be1000 nmethod 808 0x0000000002a6e990 code [0x0000000002a6eb80, 0x0000000002a6f3d0]
Event: 0.881 Thread 0x0000000019be1000  810       4       sun.misc.MetaIndex::mayContain (51 bytes)
Event: 0.886 Thread 0x0000000019be1000 nmethod 810 0x0000000002a6a5d0 code [0x0000000002a6a720, 0x0000000002a6aa58]

GC Heap History (2 events):
Event: 0.844 GC heap before
{Heap before GC invocations=1 (full 0):
 PSYoungGen      total 38400K, used 33280K [0x00000000d5800000, 0x00000000d8280000, 0x0000000100000000)
  eden space 33280K, 100% used [0x00000000d5800000,0x00000000d7880000,0x00000000d7880000)
  from space 5120K, 0% used [0x00000000d7d80000,0x00000000d7d80000,0x00000000d8280000)
  to   space 5120K, 0% used [0x00000000d7880000,0x00000000d7880000,0x00000000d7d80000)
 ParOldGen       total 87552K, used 0K [0x0000000080800000, 0x0000000085d80000, 0x00000000d5800000)
  object space 87552K, 0% used [0x0000000080800000,0x0000000080800000,0x0000000085d80000)
 Metaspace       used 10497K, capacity 10746K, committed 11008K, reserved 1058816K
  class space    used 1332K, capacity 1431K, committed 1536K, reserved 1048576K
Event: 0.850 GC heap after
Heap after GC invocations=1 (full 0):
 PSYoungGen      total 38400K, used 5117K [0x00000000d5800000, 0x00000000d8280000, 0x0000000100000000)
  eden space 33280K, 0% used [0x00000000d5800000,0x00000000d5800000,0x00000000d7880000)
  from space 5120K, 99% used [0x00000000d7880000,0x00000000d7d7f410,0x00000000d7d80000)
  to   space 5120K, 0% used [0x00000000d7d80000,0x00000000d7d80000,0x00000000d8280000)
 ParOldGen       total 87552K, used 579K [0x0000000080800000, 0x0000000085d80000, 0x00000000d5800000)
  object space 87552K, 0% used [0x0000000080800000,0x0000000080890cb0,0x0000000085d80000)
 Metaspace       used 10497K, capacity 10746K, committed 11008K, reserved 1058816K
  class space    used 1332K, capacity 1431K, committed 1536K, reserved 1048576K
}

Deoptimization events (8 events):
Event: 0.284 Thread 0x0000000000502800 Uncommon trap: reason=unstable_if action=reinterpret pc=0x00000000028ca4d0 method=java.lang.String.indexOf([CII[CIII)I @ 123
Event: 0.284 Thread 0x0000000000502800 Uncommon trap: reason=unstable_if action=reinterpret pc=0x00000000028c48fc method=java.lang.String.indexOf([CII[CIII)I @ 123
Event: 0.478 Thread 0x0000000000502800 Uncommon trap: reason=unstable_if action=reinterpret pc=0x0000000002938754 method=java.lang.String.indexOf([CII[CIII)I @ 3
Event: 0.671 Thread 0x0000000000502800 Uncommon trap: reason=class_check action=maybe_recompile pc=0x0000000002948b14 method=java.lang.String.equals(Ljava/lang/Object;)Z @ 8
Event: 0.672 Thread 0x0000000000502800 Uncommon trap: reason=class_check action=maybe_recompile pc=0x0000000002948b14 method=java.lang.String.equals(Ljava/lang/Object;)Z @ 8
Event: 0.682 Thread 0x0000000000502800 Uncommon trap: reason=class_check action=maybe_recompile pc=0x0000000002948b14 method=java.lang.String.equals(Ljava/lang/Object;)Z @ 8
Event: 0.686 Thread 0x0000000000502800 Uncommon trap: reason=class_check action=maybe_recompile pc=0x0000000002948b14 method=java.lang.String.equals(Ljava/lang/Object;)Z @ 8
Event: 0.740 Thread 0x0000000000502800 Uncommon trap: reason=unstable_if action=reinterpret pc=0x00000000029411a0 method=sun.misc.MetaIndex.mayContain(Ljava/lang/String;)Z @ 38

Classes redefined (0 events):
No events

Internal exceptions (10 events):
Event: 0.501 Thread 0x0000000000502800 Exception <a 'java/lang/ClassNotFoundException': org/apache/log4j/AppenderSkeletonCustomizer> (0x00000000d67c7d88) thrown at [C:\jenkins\workspace\8-2-build-windows-amd64-cygwin\jdk8u281\880\hotspot\src\share\vm\classfile\systemDictionary.cpp, line 212]
Event: 0.504 Thread 0x0000000000502800 Exception <a 'java/lang/ClassNotFoundException': org/apache/log4j/WriterAppenderCustomizer> (0x00000000d67f9950) thrown at [C:\jenkins\workspace\8-2-build-windows-amd64-cygwin\jdk8u281\880\hotspot\src\share\vm\classfile\systemDictionary.cpp, line 212]
Event: 0.506 Thread 0x0000000000502800 Exception <a 'java/lang/ClassNotFoundException': org/apache/log4j/ConsoleAppenderCustomizer> (0x00000000d6817ce8) thrown at [C:\jenkins\workspace\8-2-build-windows-amd64-cygwin\jdk8u281\880\hotspot\src\share\vm\classfile\systemDictionary.cpp, line 212]
Event: 0.530 Thread 0x0000000000502800 Exception <a 'java/lang/ClassNotFoundException': org/apache/log4j/PatternLayoutBeanInfo> (0x00000000d688e298) thrown at [C:\jenkins\workspace\8-2-build-windows-amd64-cygwin\jdk8u281\880\hotspot\src\share\vm\classfile\systemDictionary.cpp, line 212]
Event: 0.531 Thread 0x0000000000502800 Exception <a 'java/lang/ClassNotFoundException': org/apache/log4j/LayoutBeanInfo> (0x00000000d689dbf0) thrown at [C:\jenkins\workspace\8-2-build-windows-amd64-cygwin\jdk8u281\880\hotspot\src\share\vm\classfile\systemDictionary.cpp, line 212]
Event: 0.531 Thread 0x0000000000502800 Exception <a 'java/lang/ClassNotFoundException': org/apache/log4j/LayoutCustomizer> (0x00000000d68ad8d0) thrown at [C:\jenkins\workspace\8-2-build-windows-amd64-cygwin\jdk8u281\880\hotspot\src\share\vm\classfile\systemDictionary.cpp, line 212]
Event: 0.532 Thread 0x0000000000502800 Exception <a 'java/lang/ClassNotFoundException': org/apache/log4j/PatternLayoutCustomizer> (0x00000000d68c36e8) thrown at [C:\jenkins\workspace\8-2-build-windows-amd64-cygwin\jdk8u281\880\hotspot\src\share\vm\classfile\systemDictionary.cpp, line 212]
Event: 0.579 Thread 0x0000000000502800 Exception <a 'java/lang/NoSuchFieldError': method resolution failed> (0x00000000d6a74540) thrown at [C:\jenkins\workspace\8-2-build-windows-amd64-cygwin\jdk8u281\880\hotspot\src\share\vm\prims\methodHandles.cpp, line 1169]
Event: 0.581 Thread 0x0000000000502800 Exception <a 'java/lang/NoSuchFieldError': method resolution failed> (0x00000000d6a81c30) thrown at [C:\jenkins\workspace\8-2-build-windows-amd64-cygwin\jdk8u281\880\hotspot\src\share\vm\prims\methodHandles.cpp, line 1169]
Event: 0.665 Thread 0x0000000000502800 Exception <a 'java/lang/NoSuchMethodError': java.lang.Object.lambda$comparingInt$7b0bb60$1(Ljava/util/function/ToIntFunction;Ljava/lang/Object;Ljava/lang/Object;)I> (0x00000000d6e89400) thrown at [C:\jenkins\workspace\8-2-build-windows-amd64-cygwin\jdk8u2

Events (10 events):
Event: 0.889 loading class javax/xml/datatype/DatatypeFactory
Event: 0.889 loading class javax/xml/datatype/DatatypeFactory done
Event: 0.889 loading class org/apache/xerces/jaxp/datatype/DatatypeFactoryImpl
Event: 0.889 loading class org/apache/xerces/jaxp/datatype/DatatypeFactoryImpl done
Event: 0.890 loading class org/apache/xerces/impl/dv/xs/SchemaDateTimeException
Event: 0.890 loading class org/apache/xerces/impl/dv/xs/SchemaDateTimeException done
Event: 0.890 loading class org/apache/xerces/impl/dv/xs/AbstractDateTimeDV$DateTimeData
Event: 0.890 loading class org/apache/xerces/impl/dv/xs/AbstractDateTimeDV$DateTimeData done
Event: 0.890 loading class org/apache/xerces/xs/datatypes/XSDateTime
Event: 0.890 loading class org/apache/xerces/xs/datatypes/XSDateTime done


Dynamic libraries:
0x000000013f320000 - 0x000000013f367000 	C:\Program Files\Java\jdk1.8.0_281\bin\javaw.exe
0x00000000779f0000 - 0x0000000077b8f000 	C:\Windows\SYSTEM32\ntdll.dll
0x000007fef2030000 - 0x000007fef2045000 	C:\Program Files\Avast Software\Avast\aswhook.dll
0x00000000777d0000 - 0x00000000778ef000 	C:\Windows\system32\kernel32.dll
0x000007fefd6e0000 - 0x000007fefd74a000 	C:\Windows\system32\KERNELBASE.dll
0x000007feff020000 - 0x000007feff0fb000 	C:\Windows\system32\ADVAPI32.dll
0x000007feff8c0000 - 0x000007feff95f000 	C:\Windows\system32\msvcrt.dll
0x000007fefeed0000 - 0x000007fefeeef000 	C:\Windows\SYSTEM32\sechost.dll
0x000007fefeef0000 - 0x000007feff01c000 	C:\Windows\system32\RPCRT4.dll
0x00000000778f0000 - 0x00000000779ea000 	C:\Windows\system32\USER32.dll
0x000007feff210000 - 0x000007feff277000 	C:\Windows\system32\GDI32.dll
0x000007feff1d0000 - 0x000007feff1de000 	C:\Windows\system32\LPK.dll
0x000007feff100000 - 0x000007feff1cb000 	C:\Windows\system32\USP10.dll
0x000007fefaf60000 - 0x000007fefb154000 	C:\Windows\WinSxS\amd64_microsoft.windows.common-controls_6595b64144ccf1df_6.0.7601.23403_none_e36ad4593102f066\COMCTL32.dll
0x000007fefda80000 - 0x000007fefdaf1000 	C:\Windows\system32\SHLWAPI.dll
0x000007feff1e0000 - 0x000007feff20e000 	C:\Windows\system32\IMM32.DLL
0x000007fefec30000 - 0x000007fefed39000 	C:\Windows\system32\MSCTF.dll
0x000007fefc920000 - 0x000007fefc923000 	C:\Windows\system32\api-ms-win-core-synch-l1-2-0.DLL
0x000007fef8a30000 - 0x000007fef8a45000 	C:\Program Files\Java\jdk1.8.0_281\jre\bin\vcruntime140.dll
0x000007fefc550000 - 0x000007fefc554000 	C:\Windows\system32\api-ms-win-crt-runtime-l1-1-0.dll
0x000007fedbf90000 - 0x000007fedc084000 	C:\Windows\system32\ucrtbase.DLL
0x000007fefc490000 - 0x000007fefc493000 	C:\Windows\system32\api-ms-win-core-timezone-l1-1-0.dll
0x000007fefc480000 - 0x000007fefc483000 	C:\Windows\system32\api-ms-win-core-file-l2-1-0.dll
0x000007fefc420000 - 0x000007fefc423000 	C:\Windows\system32\api-ms-win-core-localization-l1-2-0.dll
0x000007fefc410000 - 0x000007fefc413000 	C:\Windows\system32\api-ms-win-core-processthreads-l1-1-1.dll
0x000007fefc350000 - 0x000007fefc353000 	C:\Windows\system32\api-ms-win-core-file-l1-2-0.dll
0x000007fefc600000 - 0x000007fefc603000 	C:\Windows\system32\api-ms-win-crt-heap-l1-1-0.dll
0x000007fefc5f0000 - 0x000007fefc5f4000 	C:\Windows\system32\api-ms-win-crt-string-l1-1-0.dll
0x000007fefc7b0000 - 0x000007fefc7b4000 	C:\Windows\system32\api-ms-win-crt-stdio-l1-1-0.dll
0x000007fefc4e0000 - 0x000007fefc4e4000 	C:\Windows\system32\api-ms-win-crt-convert-l1-1-0.dll
0x000007fedc9e0000 - 0x000007fedca7b000 	C:\Program Files\Java\jdk1.8.0_281\jre\bin\msvcp140.dll
0x000007fefc4b0000 - 0x000007fefc4b3000 	C:\Windows\system32\api-ms-win-crt-locale-l1-1-0.dll
0x000007fefc560000 - 0x000007fefc565000 	C:\Windows\system32\api-ms-win-crt-math-l1-1-0.dll
0x000007fefc4d0000 - 0x000007fefc4d3000 	C:\Windows\system32\api-ms-win-crt-filesystem-l1-1-0.dll
0x000007fefc530000 - 0x000007fefc533000 	C:\Windows\system32\api-ms-win-crt-time-l1-1-0.dll
0x000007fefc4f0000 - 0x000007fefc4f3000 	C:\Windows\system32\api-ms-win-crt-environment-l1-1-0.dll
0x000007fefc4c0000 - 0x000007fefc4c3000 	C:\Windows\system32\api-ms-win-crt-utility-l1-1-0.dll
0x000000006be30000 - 0x000000006c68f000 	C:\Program Files\Java\jdk1.8.0_281\jre\bin\server\jvm.dll
0x000007fef8600000 - 0x000007fef8609000 	C:\Windows\system32\WSOCK32.dll
0x000007fefdb00000 - 0x000007fefdb4d000 	C:\Windows\system32\WS2_32.dll
0x000007feff460000 - 0x000007feff468000 	C:\Windows\system32\NSI.dll
0x000007fefbbb0000 - 0x000007fefbbeb000 	C:\Windows\system32\WINMM.dll
0x000007fefc8e0000 - 0x000007fefc8ec000 	C:\Windows\system32\VERSION.dll
0x0000000077ba0000 - 0x0000000077ba7000 	C:\Windows\system32\PSAPI.DLL
0x000007fefc4a0000 - 0x000007fefc4b0000 	C:\Program Files\Java\jdk1.8.0_281\jre\bin\verify.dll
0x000007fef94e0000 - 0x000007fef950b000 	C:\Program Files\Java\jdk1.8.0_281\jre\bin\java.dll
0x000007fefa7c0000 - 0x000007fefa7d8000 	C:\Program Files\Java\jdk1.8.0_281\jre\bin\zip.dll
0x000007fefdb50000 - 0x000007fefe8db000 	C:\Windows\system32\SHELL32.dll
0x000007feffae0000 - 0x000007feffcdd000 	C:\Windows\system32\ole32.dll
0x000007fefd6c0000 - 0x000007fefd6cf000 	C:\Windows\system32\profapi.dll
0x000007fefb850000 - 0x000007fefb86c000 	C:\Program Files\Java\jdk1.8.0_281\jre\bin\net.dll
0x000007fefce40000 - 0x000007fefce95000 	C:\Windows\system32\mswsock.dll
0x000007fefce30000 - 0x000007fefce37000 	C:\Windows\System32\wship6.dll

VM Arguments:
jvm_args: -ea -Dfile.encoding=MS949 
java_command: org.eclipse.jdt.internal.junit.runner.RemoteTestRunner -version 3 -port 3696 -testLoaderClass org.eclipse.jdt.internal.junit4.runner.JUnit4TestLoader -loaderpluginname org.eclipse.jdt.junit4.runtime -classNames com.spring.myWeb.AnswerMapperTest
java_class_path (initial): C:\Users\user\Desktop\java_web\spring_workspace\MyHome\target\test-classes;C:\Users\user\Desktop\java_web\spring_workspace\MyHome\target\classes;C:\Users\user\.m2\repository\org\springframework\spring-context\5.2.9.RELEASE\spring-context-5.2.9.RELEASE.jar;C:\Users\user\.m2\repository\org\springframework\spring-aop\5.2.9.RELEASE\spring-aop-5.2.9.RELEASE.jar;C:\Users\user\.m2\repository\org\springframework\spring-beans\5.2.9.RELEASE\spring-beans-5.2.9.RELEASE.jar;C:\Users\user\.m2\repository\org\springframework\spring-core\5.2.9.RELEASE\spring-core-5.2.9.RELEASE.jar;C:\Users\user\.m2\repository\org\springframework\spring-jcl\5.2.9.RELEASE\spring-jcl-5.2.9.RELEASE.jar;C:\Users\user\.m2\repository\org\springframework\spring-expression\5.2.9.RELEASE\spring-expression-5.2.9.RELEASE.jar;C:\Users\user\.m2\repository\org\springframework\spring-webmvc\5.2.9.RELEASE\spring-webmvc-5.2.9.RELEASE.jar;C:\Users\user\.m2\repository\org\springframework\spring-web\5.2.9.RELEASE\spring-web-5.2.9.RELEASE.jar;C:\Users\user\.m2\repository\org\aspectj\aspectjrt\1.6.10\aspectjrt-1.6.10.jar;C:\Users\user\.m2\repository\org\slf4j\slf4j-api\1.6.6\slf4j-api-1.6.6.jar;C:\Users\user\.m2\repository\org\slf4j\jcl-over-slf4j\1.6.6\jcl-over-slf4j-1.6.6.jar;C:\Users\user\.m2\repository\org\slf4j\slf4j-log4j12\1.6.6\slf4j-log4j12-1.6.6.jar;C:\Users\user\.m2\repository\log4j\log4j\1.2.15\log4j-1.2.15.jar;C:\Users\user\.m2\repository\javax\inject\javax.inject\1\javax.inject-1.jar;C:\Users\user\.m2\repository\javax\servlet\javax.servlet-api\3.1.0\javax.servlet-api-3.1.0.jar;C:\Users\user\.m2\repository\javax\servlet\jsp\jsp-api\2.1\jsp-api-2.1.jar;C:\Users\user\.m2\repository\javax\servlet\jstl\1.2\jstl-1.2.jar;C:\Users\user\.m2\repository\junit\junit\4.12\junit-4.12.jar;C:\Users\user\.m2\repository\org\hamcrest\hamcrest-core\1.3\hamcrest-core-1.3.jar;C:\Users\user\.m2\repository\org\springframework\spring-jdbc\5.2.9.RELEASE\spring-jdbc-5.2.9.RELEASE.jar;C:\Users\user\.m2\repo
Launcher Type: SUN_STANDARD

Environment Variables:
JAVA_HOME=C:\Program Files\Java\jdk1.8.0_281
PATH=C:/Program Files/Java/jdk1.8.0_281/bin/../jre/bin/server;C:/Program Files/Java/jdk1.8.0_281/bin/../jre/bin;C:/Program Files/Java/jdk1.8.0_281/bin/../jre/lib/amd64;C:\oraclexe\app\oracle\product\11.2.0\server\bin;C:\Program Files\Git\cmd;C:\Users\user\AppData\Local\Programs\Python\Python38\Scripts\;C:\Users\user\AppData\Local\Programs\Python\Python38\;C:\Program Files\Java\jdk1.8.0_281\bin;C:\Program Files\Bandizip\;C:\Users\user\AppData\Local\afreeca;C:\Users\user\AppData\Local\Programs\Microsoft VS Code\bin;C:\Users\user\Desktop\java_web\spring-tool-suite-3.9.15.RELEASE-e4.16.0-win32-x86_64\sts-bundle\sts-3.9.15.RELEASE;
USERNAME=user
OS=Windows_NT
PROCESSOR_IDENTIFIER=Intel64 Family 6 Model 60 Stepping 3, GenuineIntel



---------------  S Y S T E M  ---------------

OS: Windows 7 , 64 bit Build 7601 (6.1.7601.24384)

CPU:total 8 (initial active 8) (4 cores per cpu, 2 threads per core) family 6 model 60 stepping 3, cmov, cx8, fxsr, mmx, sse, sse2, sse3, ssse3, sse4.1, sse4.2, popcnt, avx, avx2, aes, clmul, erms, rtm, lzcnt, ht, tsc, tscinvbit, bmi1, bmi2

Memory: 4k page, physical 8353532k(2737884k free), swap 8351628k(5228k free)

vm_info: Java HotSpot(TM) 64-Bit Server VM (25.281-b09) for windows-amd64 JRE (1.8.0_281-b09), built on Dec  9 2020 13:54:07 by "" with MS VC++ 15.9 (VS2017)

time: Fri Oct  1 23:17:26 2021
timezone: ¢¥eCN©öI¡¾©ö C¡ÍA¨ª¨öA
elapsed time: 0.899292 seconds (0d 0h 0m 0s)

